<?xml version="1.0" encoding="UTF-8"?>
<!-- Generated by org.testng.reporters.JUnitReportReporter -->
<testsuite hostname="DESKTOP-MNPHK53" failures="0" tests="1" name="test.SomeTest" time="0.006" errors="0" timestamp="2020-03-11T21:02:29 GMT" skipped="0">
  <testcase classname="test.SomeTest" name="TC001" time="0.006"/>
  <system-out/>
</testsuite> <!-- test.SomeTest -->
